<?xml version="1.0" encoding="UTF-8"?>
<!-- Generated by org.testng.reporters.JUnitXMLReporter -->
<testsuite hostname="Mayanks-MacBook-Pro.local" failures="0" tests="4" name="Test" time="47.847" errors="0" timestamp="18 Dec 2020 11:38:16 GMT">
  <testcase classname="sample.sample.googleSearch" name="launchFirefox" time="22.518"/>
  <testcase classname="sample.sample.googleSearch" name="launchSafari" time="26.297"/>
  <testcase classname="sample.sample.googleSearch" name="launchEdge" time="43.256"/>
  <testcase classname="sample.sample.googleSearch" name="launchChrome" time="47.381"/>
</testsuite> <!-- Test -->
