<?xml version="1.0" encoding="UTF-8"?>
<testng-results total="4" passed="4" failed="0" skipped="0">
  <reporter-output>
  </reporter-output>
  <suite started-at="2020-12-18T11:37:28Z" name="Suite" finished-at="2020-12-18T11:38:16Z" duration-ms="47847">
    <groups>
    </groups>
    <test started-at="2020-12-18T11:37:28Z" name="Test" finished-at="2020-12-18T11:38:16Z" duration-ms="47847">
      <class name="sample.sample.googleSearch">
        <test-method is-config="true" signature="setup()[pri:0, instance:sample.sample.googleSearch@358c99f5]" started-at="2020-12-18T17:07:28Z" name="setup" finished-at="2020-12-18T17:07:29Z" duration-ms="218" status="PASS">
          <reporter-output>
          </reporter-output>
        </test-method> <!-- setup -->
        <test-method signature="launchFirefox()[pri:0, instance:sample.sample.googleSearch@358c99f5]" started-at="2020-12-18T17:07:29Z" name="launchFirefox" finished-at="2020-12-18T17:07:51Z" duration-ms="22518" status="PASS">
          <reporter-output>
          </reporter-output>
        </test-method> <!-- launchFirefox -->
        <test-method signature="launchChrome()[pri:0, instance:sample.sample.googleSearch@358c99f5]" started-at="2020-12-18T17:07:29Z" name="launchChrome" finished-at="2020-12-18T17:08:16Z" duration-ms="47381" status="PASS">
          <reporter-output>
          </reporter-output>
        </test-method> <!-- launchChrome -->
        <test-method signature="launchSafari()[pri:0, instance:sample.sample.googleSearch@358c99f5]" started-at="2020-12-18T17:07:29Z" name="launchSafari" finished-at="2020-12-18T17:07:55Z" duration-ms="26297" status="PASS">
          <reporter-output>
          </reporter-output>
        </test-method> <!-- launchSafari -->
        <test-method signature="launchEdge()[pri:0, instance:sample.sample.googleSearch@358c99f5]" started-at="2020-12-18T17:07:29Z" name="launchEdge" finished-at="2020-12-18T17:08:12Z" duration-ms="43256" status="PASS">
          <reporter-output>
          </reporter-output>
        </test-method> <!-- launchEdge -->
        <test-method is-config="true" signature="teardown()[pri:0, instance:sample.sample.googleSearch@358c99f5]" started-at="2020-12-18T17:08:16Z" name="teardown" finished-at="2020-12-18T17:08:16Z" duration-ms="231" status="PASS">
          <reporter-output>
          </reporter-output>
        </test-method> <!-- teardown -->
      </class> <!-- sample.sample.googleSearch -->
    </test> <!-- Test -->
  </suite> <!-- Suite -->
</testng-results>
